# JRE version: Java(TM) SE Runtime Environment (22.0.2+9) (build 22.0.2+9-70)
# Java VM: Java HotSpot(TM) 64-Bit Server VM (22.0.2+9-70, mixed mode, sharing, tiered, compressed oops, compressed class ptrs, g1 gc, windows-amd64)
GC Precious Log:
 CardTable entry size: 512
 Card Set container configuration: InlinePtr #cards 5 size 8 Array Of Cards #cards 12 size 40 Howl #buckets 4 coarsen threshold 1843 Howl Bitmap #cards 512 size 80 coarsen threshold 460 Card regions per heap region 1 cards per card region 2048
 CPUs: 4 total, 4 available
 Memory: 3964M
 Large Page Support: Disabled
 NUMA Support: Disabled
 Compressed Oops: Enabled (32-bit)
 Heap Region Size: 1M
 Heap Min Capacity: 8M
 Heap Initial Capacity: 62M
 Heap Max Capacity: 992M
 Pre-touch: Disabled
 Parallel Workers: 4
 Concurrent Workers: 1
 Concurrent Refinement Workers: 4
 Periodic GC: Disabled
Heap:
 garbage-first heap   total reserved 1015808K, committed 45056K, used 30289K [0x00000000c2000000, 0x0000000100000000)
  region size 1024K, 5 young (5120K), 2 survivors (2048K)
 Metaspace       used 57664K, committed 58304K, reserved 1114112K
  class space    used 8298K, committed 8576K, reserved 1048576K
GC Heap History (20 events):
Event: 33.589 GC heap before
{Heap before GC invocations=5 (full 0):
 garbage-first heap   total reserved 1015808K, committed 45056K, used 36095K [0x00000000c2000000, 0x0000000100000000)
  region size 1024K, 26 young (26624K), 3 survivors (3072K)
 Metaspace       used 27474K, committed 27968K, reserved 1114112K
  class space    used 3748K, committed 3968K, reserved 1048576K
}
Event: 33.607 GC heap after
{Heap after GC invocations=6 (full 0):
 garbage-first heap   total reserved 1015808K, committed 45056K, used 14481K [0x00000000c2000000, 0x0000000100000000)
  region size 1024K, 3 young (3072K), 3 survivors (3072K)
 Metaspace       used 27474K, committed 27968K, reserved 1114112K
  class space    used 3748K, committed 3968K, reserved 1048576K
}
Event: 37.590 GC heap before
{Heap before GC invocations=6 (full 0):
 garbage-first heap   total reserved 1015808K, committed 45056K, used 33937K [0x00000000c2000000, 0x0000000100000000)
  region size 1024K, 23 young (23552K), 3 survivors (3072K)
 Metaspace       used 33359K, committed 33792K, reserved 1114112K
  class space    used 4484K, committed 4672K, reserved 1048576K
}
Event: 37.599 GC heap after
{Heap after GC invocations=7 (full 0):
 garbage-first heap   total reserved 1015808K, committed 45056K, used 16244K [0x00000000c2000000, 0x0000000100000000)
  region size 1024K, 2 young (2048K), 2 survivors (2048K)
 Metaspace       used 33359K, committed 33792K, reserved 1114112K
  class space    used 4484K, committed 4672K, reserved 1048576K
}
Event: 38.185 GC heap before
{Heap before GC invocations=7 (full 0):
 garbage-first heap   total reserved 1015808K, committed 45056K, used 22388K [0x00000000c2000000, 0x0000000100000000)
  region size 1024K, 10 young (10240K), 2 survivors (2048K)
 Metaspace       used 35535K, committed 35968K, reserved 1114112K
  class space    used 4692K, committed 4864K, reserved 1048576K
}
Event: 38.189 GC heap after
{Heap after GC invocations=8 (full 0):
 garbage-first heap   total reserved 1015808K, committed 45056K, used 16331K [0x00000000c2000000, 0x0000000100000000)
  region size 1024K, 2 young (2048K), 2 survivors (2048K)
 Metaspace       used 35535K, committed 35968K, reserved 1114112K
  class space    used 4692K, committed 4864K, reserved 1048576K
}
Event: 41.456 GC heap before
{Heap before GC invocations=9 (full 0):
 garbage-first heap   total reserved 1015808K, committed 45056K, used 36811K [0x00000000c2000000, 0x0000000100000000)
  region size 1024K, 23 young (23552K), 2 survivors (2048K)
 Metaspace       used 40989K, committed 41472K, reserved 1114112K
  class space    used 5556K, committed 5760K, reserved 1048576K
}
Event: 41.463 GC heap after
{Heap after GC invocations=10 (full 0):
 garbage-first heap   total reserved 1015808K, committed 45056K, used 17299K [0x00000000c2000000, 0x0000000100000000)
  region size 1024K, 2 young (2048K), 2 survivors (2048K)
 Metaspace       used 40989K, committed 41472K, reserved 1114112K
  class space    used 5556K, committed 5760K, reserved 1048576K
}
Event: 45.330 GC heap before
{Heap before GC invocations=10 (full 0):
 garbage-first heap   total reserved 1015808K, committed 45056K, used 36755K [0x00000000c2000000, 0x0000000100000000)
  region size 1024K, 22 young (22528K), 2 survivors (2048K)
 Metaspace       used 46603K, committed 47168K, reserved 1114112K
  class space    used 6449K, committed 6656K, reserved 1048576K
}
Event: 45.346 GC heap after
{Heap after GC invocations=11 (full 0):
 garbage-first heap   total reserved 1015808K, committed 45056K, used 18283K [0x00000000c2000000, 0x0000000100000000)
  region size 1024K, 3 young (3072K), 3 survivors (3072K)
 Metaspace       used 46603K, committed 47168K, reserved 1114112K
  class space    used 6449K, committed 6656K, reserved 1048576K
}
Event: 51.331 GC heap before
{Heap before GC invocations=11 (full 0):
 garbage-first heap   total reserved 1015808K, committed 45056K, used 37739K [0x00000000c2000000, 0x0000000100000000)
  region size 1024K, 22 young (22528K), 3 survivors (3072K)
 Metaspace       used 50826K, committed 51456K, reserved 1114112K
  class space    used 7049K, committed 7360K, reserved 1048576K
}
Event: 51.347 GC heap after
{Heap after GC invocations=12 (full 0):
 garbage-first heap   total reserved 1015808K, committed 45056K, used 20195K [0x00000000c2000000, 0x0000000100000000)
  region size 1024K, 3 young (3072K), 3 survivors (3072K)
 Metaspace       used 50826K, committed 51456K, reserved 1114112K
  class space    used 7049K, committed 7360K, reserved 1048576K
}
Event: 54.266 GC heap before
{Heap before GC invocations=12 (full 0):
 garbage-first heap   total reserved 1015808K, committed 45056K, used 37603K [0x00000000c2000000, 0x0000000100000000)
  region size 1024K, 21 young (21504K), 3 survivors (3072K)
 Metaspace       used 54856K, committed 55488K, reserved 1114112K
  class space    used 7782K, committed 8064K, reserved 1048576K
}
Event: 54.280 GC heap after
{Heap after GC invocations=13 (full 0):
 garbage-first heap   total reserved 1015808K, committed 45056K, used 22106K [0x00000000c2000000, 0x0000000100000000)
  region size 1024K, 2 young (2048K), 2 survivors (2048K)
 Metaspace       used 54856K, committed 55488K, reserved 1114112K
  class space    used 7782K, committed 8064K, reserved 1048576K
}
Event: 56.079 GC heap before
{Heap before GC invocations=13 (full 0):
 garbage-first heap   total reserved 1015808K, committed 45056K, used 38490K [0x00000000c2000000, 0x0000000100000000)
  region size 1024K, 19 young (19456K), 2 survivors (2048K)
 Metaspace       used 56800K, committed 57408K, reserved 1114112K
  class space    used 8099K, committed 8384K, reserved 1048576K
}
Event: 56.091 GC heap after
{Heap after GC invocations=14 (full 0):
 garbage-first heap   total reserved 1015808K, committed 45056K, used 24100K [0x00000000c2000000, 0x0000000100000000)
  region size 1024K, 2 young (2048K), 2 survivors (2048K)
 Metaspace       used 56800K, committed 57408K, reserved 1114112K
  class space    used 8099K, committed 8384K, reserved 1048576K
}
Event: 56.506 GC heap before
{Heap before GC invocations=15 (full 0):
 garbage-first heap   total reserved 1015808K, committed 45056K, used 39460K [0x00000000c2000000, 0x0000000100000000)
  region size 1024K, 17 young (17408K), 2 survivors (2048K)
 Metaspace       used 56804K, committed 57408K, reserved 1114112K
  class space    used 8099K, committed 8384K, reserved 1048576K
}
Event: 56.518 GC heap after
{Heap after GC invocations=16 (full 0):
 garbage-first heap   total reserved 1015808K, committed 45056K, used 26624K [0x00000000c2000000, 0x0000000100000000)
  region size 1024K, 3 young (3072K), 3 survivors (3072K)
 Metaspace       used 56804K, committed 57408K, reserved 1114112K
  class space    used 8099K, committed 8384K, reserved 1048576K
}
Event: 58.026 GC heap before
{Heap before GC invocations=16 (full 0):
 garbage-first heap   total reserved 1015808K, committed 45056K, used 38912K [0x00000000c2000000, 0x0000000100000000)
  region size 1024K, 15 young (15360K), 3 survivors (3072K)
 Metaspace       used 57380K, committed 57984K, reserved 1114112K
  class space    used 8239K, committed 8512K, reserved 1048576K
}
Event: 58.046 GC heap after
{Heap after GC invocations=17 (full 0):
 garbage-first heap   total reserved 1015808K, committed 45056K, used 28241K [0x00000000c2000000, 0x0000000100000000)
  region size 1024K, 2 young (2048K), 2 survivors (2048K)
 Metaspace       used 57380K, committed 57984K, reserved 1114112K
  class space    used 8239K, committed 8512K, reserved 1048576K
}

